TN:
SF:app.js
FN:13,(anonymous_0)
FN:25,(anonymous_1)
FN:39,(anonymous_2)
FNF:3
FNH:2
FNDA:13,(anonymous_0)
FNDA:13,(anonymous_1)
FNDA:0,(anonymous_2)
DA:1,4
DA:2,4
DA:3,4
DA:4,4
DA:11,4
DA:13,4
DA:14,13
DA:16,13
DA:17,13
DA:19,13
DA:24,13
DA:26,13
DA:27,13
DA:29,0
DA:34,13
DA:36,13
DA:37,13
DA:39,13
DA:40,0
DA:43,13
DA:45,13
DA:46,13
DA:47,13
DA:48,13
DA:50,13
DA:53,4
LF:26
LH:24
BRDA:26,0,0,13
BRDA:26,0,1,0
BRDA:26,1,0,13
BRDA:26,1,1,13
BRF:4
BRH:3
end_of_record
TN:
SF:config\config.js
FNF:0
FNH:0
DA:1,4
DA:3,4
DA:16,4
LF:3
LH:3
BRDA:4,0,0,4
BRDA:4,0,1,0
BRDA:5,1,0,4
BRDA:5,1,1,0
BRF:4
BRH:2
end_of_record
TN:
SF:db\models\index.js
FN:5,setupModels
FNF:1
FNH:1
FNDA:4,setupModels
DA:1,4
DA:2,4
DA:3,4
DA:6,4
DA:7,4
DA:8,4
DA:10,4
DA:11,4
DA:14,4
LF:9
LH:9
BRF:0
BRH:0
end_of_record
TN:
SF:db\models\items.model.js
FN:42,(anonymous_0)
FN:49,(anonymous_1)
FNF:2
FNH:2
FNDA:4,(anonymous_0)
FNDA:4,(anonymous_1)
DA:1,4
DA:3,4
DA:5,4
DA:7,4
DA:43,4
DA:50,4
DA:59,4
LF:7
LH:7
BRF:0
BRH:0
end_of_record
TN:
SF:db\models\stores.model.js
FN:27,(anonymous_0)
FN:34,(anonymous_1)
FNF:2
FNH:2
FNDA:4,(anonymous_0)
FNDA:4,(anonymous_1)
DA:1,4
DA:3,4
DA:5,4
DA:28,4
DA:35,4
DA:44,4
LF:6
LH:6
BRF:0
BRH:0
end_of_record
TN:
SF:db\models\users.model.js
FN:30,(anonymous_0)
FN:32,(anonymous_1)
FNF:2
FNH:1
FNDA:0,(anonymous_0)
FNDA:4,(anonymous_1)
DA:1,4
DA:3,4
DA:5,4
DA:33,4
DA:43,4
LF:5
LH:5
BRF:0
BRH:0
end_of_record
TN:
SF:libs\sequelize.js
FNF:0
FNH:0
DA:1,4
DA:3,4
DA:4,4
DA:6,4
DA:7,4
DA:8,4
DA:10,4
DA:16,4
DA:18,4
LF:9
LH:9
BRF:0
BRH:0
end_of_record
TN:
SF:middlewares\autentication.handler.js
FN:6,(anonymous_0)
FN:7,(anonymous_1)
FNF:2
FNH:2
FNDA:1,(anonymous_0)
FNDA:1,(anonymous_1)
DA:1,4
DA:2,4
DA:3,4
DA:6,4
DA:7,1
DA:8,1
DA:9,0
DA:13,1
DA:14,1
DA:15,1
DA:18,0
DA:19,0
DA:20,0
DA:21,0
DA:23,0
DA:28,4
LF:16
LH:10
BRDA:8,0,0,0
BRDA:8,0,1,1
BRDA:14,1,0,1
BRDA:14,1,1,0
BRF:4
BRH:2
end_of_record
TN:
SF:middlewares\error.handler.js
FN:4,logErrors
FN:8,errorHandler
FN:15,boomErrorHandler
FN:23,ormErrorHandler
FNF:4
FNH:4
FNDA:5,logErrors
FNDA:5,errorHandler
FNDA:5,boomErrorHandler
FNDA:5,ormErrorHandler
DA:1,4
DA:2,4
DA:5,5
DA:9,5
DA:16,5
DA:17,5
DA:18,5
DA:20,5
DA:24,5
DA:25,0
DA:31,5
DA:35,4
LF:12
LH:11
BRDA:16,0,0,5
BRDA:16,0,1,0
BRDA:24,1,0,0
BRDA:24,1,1,5
BRF:4
BRH:2
end_of_record
TN:
SF:middlewares\validator.handler.js
FN:3,validatorHandler
FN:4,(anonymous_1)
FNF:2
FNH:2
FNDA:52,validatorHandler
FNDA:9,(anonymous_1)
DA:1,4
DA:4,52
DA:5,9
DA:6,9
DA:7,9
DA:8,3
DA:10,9
DA:14,4
LF:8
LH:8
BRDA:7,0,0,3
BRDA:7,0,1,6
BRF:2
BRH:2
end_of_record
TN:
SF:routes\auth.router.js
FN:12,(anonymous_0)
FNF:1
FNH:1
FNDA:1,(anonymous_0)
DA:1,4
DA:2,4
DA:3,4
DA:5,4
DA:8,4
DA:10,4
DA:13,1
DA:14,1
DA:15,1
DA:18,1
DA:19,1
DA:24,0
DA:29,4
LF:13
LH:12
BRF:0
BRH:0
end_of_record
TN:
SF:routes\index.js
FN:8,routerApi
FNF:1
FNH:1
FNDA:13,routerApi
DA:1,4
DA:3,4
DA:4,4
DA:5,4
DA:6,4
DA:9,13
DA:10,13
DA:11,13
DA:12,13
DA:13,13
DA:14,13
DA:17,4
LF:12
LH:12
BRF:0
BRH:0
end_of_record
TN:
SF:routes\items.reuter.js
FN:15,(anonymous_0)
FN:23,(anonymous_1)
FN:36,(anonymous_2)
FN:50,(anonymous_3)
FN:65,(anonymous_4)
FNF:5
FNH:0
FNDA:0,(anonymous_0)
FNDA:0,(anonymous_1)
FNDA:0,(anonymous_2)
FNDA:0,(anonymous_3)
FNDA:0,(anonymous_4)
DA:1,4
DA:2,4
DA:4,4
DA:5,4
DA:10,4
DA:12,4
DA:13,4
DA:15,4
DA:16,0
DA:17,0
DA:19,0
DA:23,4
DA:24,0
DA:25,0
DA:26,0
DA:28,0
DA:32,4
DA:37,0
DA:38,0
DA:39,0
DA:41,0
DA:46,4
DA:51,0
DA:52,0
DA:53,0
DA:54,0
DA:56,0
DA:61,4
DA:66,0
DA:67,0
DA:68,0
DA:69,0
DA:71,0
DA:76,4
LF:34
LH:13
BRF:0
BRH:0
end_of_record
TN:
SF:routes\stores.router.js
FN:15,(anonymous_0)
FN:25,(anonymous_1)
FN:37,(anonymous_2)
FN:51,(anonymous_3)
FN:65,(anonymous_4)
FNF:5
FNH:3
FNDA:1,(anonymous_0)
FNDA:1,(anonymous_1)
FNDA:0,(anonymous_2)
FNDA:1,(anonymous_3)
FNDA:0,(anonymous_4)
DA:1,4
DA:3,4
DA:4,4
DA:10,4
DA:12,4
DA:13,4
DA:15,4
DA:16,1
DA:17,1
DA:19,0
DA:23,4
DA:26,1
DA:27,1
DA:28,1
DA:30,0
DA:34,4
DA:38,0
DA:39,0
DA:40,0
DA:42,0
DA:47,4
DA:52,1
DA:53,1
DA:54,1
DA:55,1
DA:57,0
DA:62,4
DA:66,0
DA:67,0
DA:68,0
DA:69,0
DA:71,0
DA:76,4
LF:33
LH:21
BRF:0
BRH:0
end_of_record
TN:
SF:routes\users.router.js
FN:10,(anonymous_0)
FN:21,(anonymous_1)
FN:34,(anonymous_2)
FN:48,(anonymous_3)
FN:62,(anonymous_4)
FNF:5
FNH:3
FNDA:1,(anonymous_0)
FNDA:1,(anonymous_1)
FNDA:0,(anonymous_2)
FNDA:1,(anonymous_3)
FNDA:0,(anonymous_4)
DA:1,4
DA:3,4
DA:4,4
DA:5,4
DA:7,4
DA:8,4
DA:10,4
DA:11,1
DA:12,1
DA:13,1
DA:15,0
DA:19,4
DA:22,1
DA:23,1
DA:24,1
DA:25,1
DA:27,0
DA:32,4
DA:35,0
DA:36,0
DA:37,0
DA:38,0
DA:40,0
DA:45,4
DA:49,1
DA:50,1
DA:51,1
DA:52,1
DA:53,1
DA:55,0
DA:60,4
DA:63,0
DA:64,0
DA:65,0
DA:66,0
DA:68,0
DA:73,4
LF:37
LH:24
BRF:0
BRH:0
end_of_record
TN:
SF:schemas\items.schema.js
FNF:0
FNH:0
DA:1,4
DA:3,4
DA:4,4
DA:5,4
DA:6,4
DA:8,4
DA:14,4
DA:20,4
DA:24,4
DA:28,4
LF:10
LH:10
BRF:0
BRH:0
end_of_record
TN:
SF:schemas\stores.schema.js
FNF:0
FNH:0
DA:1,4
DA:3,4
DA:4,4
DA:6,4
DA:10,4
DA:14,4
DA:18,4
DA:22,4
LF:8
LH:8
BRF:0
BRH:0
end_of_record
TN:
SF:schemas\user.schema.js
FNF:0
FNH:0
DA:1,4
DA:3,4
DA:4,4
DA:5,4
DA:7,4
DA:12,4
DA:16,4
DA:20,4
LF:8
LH:8
BRF:0
BRH:0
end_of_record
TN:
SF:services\items.service.js
FN:7,(anonymous_0)
FN:16,(anonymous_1)
FN:21,(anonymous_2)
FN:33,(anonymous_3)
FN:45,(anonymous_4)
FN:55,(anonymous_5)
FNF:6
FNH:1
FNDA:0,(anonymous_0)
FNDA:0,(anonymous_1)
FNDA:0,(anonymous_2)
FNDA:5,(anonymous_3)
FNDA:0,(anonymous_4)
FNDA:0,(anonymous_5)
DA:1,4
DA:3,4
DA:8,0
DA:9,0
DA:10,0
DA:12,0
DA:17,0
DA:18,0
DA:22,0
DA:26,0
DA:27,0
DA:30,0
DA:34,5
DA:39,5
DA:40,0
DA:42,5
DA:46,0
DA:47,0
DA:48,0
DA:49,0
DA:51,0
DA:56,0
DA:57,0
DA:58,0
DA:59,0
DA:61,0
DA:67,4
LF:27
LH:6
BRDA:26,0,0,0
BRDA:26,0,1,0
BRDA:39,1,0,0
BRDA:39,1,1,5
BRF:4
BRH:1
end_of_record
TN:
SF:services\store.service.js
FN:8,(anonymous_0)
FN:10,(anonymous_1)
FN:19,(anonymous_2)
FN:29,(anonymous_3)
FN:38,(anonymous_4)
FN:60,(anonymous_5)
FNF:6
FNH:4
FNDA:4,(anonymous_0)
FNDA:0,(anonymous_1)
FNDA:1,(anonymous_2)
FNDA:1,(anonymous_3)
FNDA:1,(anonymous_4)
FNDA:0,(anonymous_5)
DA:1,4
DA:2,4
DA:3,4
DA:5,4
DA:11,0
DA:12,0
DA:13,0
DA:15,0
DA:20,1
DA:21,1
DA:22,1
DA:23,4
DA:24,4
DA:26,1
DA:30,1
DA:31,1
DA:32,1
DA:33,0
DA:35,1
DA:39,1
DA:40,1
DA:48,1
DA:49,0
DA:52,1
DA:54,1
DA:56,0
DA:61,0
DA:62,0
DA:66,0
DA:67,0
DA:70,0
DA:71,0
DA:73,0
DA:78,4
LF:34
LH:20
BRDA:32,0,0,0
BRDA:32,0,1,1
BRDA:48,1,0,0
BRDA:48,1,1,1
BRDA:66,2,0,0
BRDA:66,2,1,0
BRF:6
BRH:2
end_of_record
TN:
SF:services\user.service.js
FN:6,(anonymous_0)
FN:8,(anonymous_1)
FN:15,(anonymous_2)
FN:17,(anonymous_3)
FN:23,(anonymous_4)
FN:32,(anonymous_5)
FN:40,(anonymous_6)
FN:47,(anonymous_7)
FNF:8
FNH:6
FNDA:8,(anonymous_0)
FNDA:0,(anonymous_1)
FNDA:1,(anonymous_2)
FNDA:3,(anonymous_3)
FNDA:2,(anonymous_4)
FNDA:3,(anonymous_5)
FNDA:1,(anonymous_6)
FNDA:0,(anonymous_7)
DA:1,4
DA:2,4
DA:3,4
DA:9,0
DA:10,0
DA:11,0
DA:12,0
DA:16,1
DA:17,1
DA:18,3
DA:20,1
DA:24,2
DA:25,2
DA:26,0
DA:28,2
DA:29,2
DA:33,3
DA:34,3
DA:35,1
DA:37,2
DA:41,1
DA:42,1
DA:43,1
DA:44,1
DA:48,0
DA:49,0
DA:50,0
DA:54,4
LF:28
LH:20
BRDA:25,0,0,0
BRDA:25,0,1,2
BRDA:34,1,0,1
BRDA:34,1,1,2
BRF:4
BRH:3
end_of_record
TN:
SF:utils\auth\index.js
FNF:0
FNH:0
DA:1,4
DA:3,4
DA:4,4
DA:6,4
DA:7,4
LF:5
LH:5
BRF:0
BRH:0
end_of_record
TN:
SF:utils\auth\strategies\jwt.strategy.js
FN:10,(anonymous_0)
FNF:1
FNH:0
FNDA:0,(anonymous_0)
DA:1,4
DA:3,4
DA:5,4
DA:10,4
DA:11,0
DA:14,4
LF:6
LH:5
BRF:0
BRH:0
end_of_record
TN:
SF:utils\auth\strategies\local.strategy.js
FN:13,(anonymous_0)
FNF:1
FNH:1
FNDA:3,(anonymous_0)
DA:1,4
DA:2,4
DA:3,4
DA:5,4
DA:6,4
DA:8,4
DA:14,3
DA:15,3
DA:16,2
DA:17,0
DA:19,2
DA:20,2
DA:21,1
DA:23,1
DA:24,1
DA:26,1
DA:31,4
LF:17
LH:16
BRDA:16,0,0,0
BRDA:16,0,1,2
BRDA:20,1,0,1
BRDA:20,1,1,1
BRF:4
BRH:3
end_of_record
